<?xml version="1.0" encoding="UTF-8"?>
<!-- Generated by org.testng.reporters.JUnitReportReporter -->
<testsuite hostname="DESKTOP-U4N34CQ" failures="0" tests="2" name="com.redbus.TestNg.HomePageTest" time="13.546" errors="0" timestamp="2023-10-10T21:01:12 IST" skipped="0">
  <testcase classname="com.redbus.TestNg.HomePageTest" name="testTitle" time="6.254"/>
  <system-out/>
  <testcase classname="com.redbus.TestNg.HomePageTest" name="testLOGINLink" time="7.292"/>
  <system-out/>
</testsuite> <!-- com.redbus.TestNg.HomePageTest -->
